{
  "RSpec": {
    "coverage": {
      "/Users/samanthaivari/turing/mod1/futbol/lib/stat_tracker.rb": [
        1,
        1,
        1,
        1,
        1,
        1,
        1,
        1,
        1,
        null,
        1,
        1,
        1,
        1,
        1,
        null,
        1,
        null,
        1,
        5,
        5,
        5,
        null,
        null,
        1,
        5,
        5,
        5,
        5,
        5,
        null,
        null,
        1,
        5,
        37205,
        null,
        null,
        null,
        1,
        5,
        160,
        null,
        null,
        null,
        1,
        5,
        59538,
        null,
        null,
        null,
        null,
        1,
        null,
        null
      ],
      "/Users/samanthaivari/turing/mod1/futbol/lib/game_team.rb": [
        null,
        1,
        null,
        1,
        null,
        null,
        null,
        null,
        1,
        null,
        null,
        null,
        59538,
        59538,
        59538,
        59538,
        59538,
        59538,
        59538,
        59538,
        59538,
        59538,
        59538,
        59538,
        59538,
        59538,
        59538,
        null,
        null,
        null
      ],
      "/Users/samanthaivari/turing/mod1/futbol/lib/game.rb": [
        1,
        1,
        null,
        null,
        1,
        null,
        null,
        null,
        null,
        37205,
        37205,
        37205,
        37205,
        37205,
        37205,
        37205,
        37205,
        37205,
        37205,
        null,
        null
      ],
      "/Users/samanthaivari/turing/mod1/futbol/lib/team.rb": [
        1,
        null,
        1,
        null,
        1,
        160,
        160,
        160,
        160,
        160,
        160,
        null,
        null
      ],
      "/Users/samanthaivari/turing/mod1/futbol/lib/season_methods.rb": [
        1,
        null,
        1,
        0,
        0,
        0,
        0,
        null,
        null,
        0,
        null,
        null,
        1,
        null,
        0,
        0,
        null,
        0,
        0,
        0,
        0,
        0,
        null,
        null,
        null,
        0,
        0,
        null,
        0,
        0,
        0,
        null,
        null,
        null,
        0,
        null,
        null,
        1,
        null,
        0,
        0,
        null,
        0,
        0,
        0,
        0,
        0,
        null,
        null,
        null,
        0,
        0,
        null,
        0,
        0,
        0,
        null,
        null,
        null,
        null,
        0,
        null,
        null,
        null,
        1,
        null,
        null,
        1,
        null,
        null,
        1,
        0,
        null,
        0,
        null,
        null,
        null,
        null,
        null,
        1,
        null,
        null,
        null,
        null
      ],
      "/Users/samanthaivari/turing/mod1/futbol/lib/teams_methods.rb": [
        1,
        null,
        1,
        null,
        0,
        0,
        0,
        null,
        0,
        0,
        0,
        0,
        0,
        0,
        null,
        0,
        null,
        null,
        1,
        0,
        0,
        0,
        0,
        0,
        0,
        null,
        null,
        null,
        0,
        0,
        0,
        0,
        0,
        null,
        null,
        null,
        0,
        0,
        0,
        0,
        0,
        0,
        null,
        null,
        null,
        null
      ],
      "/Users/samanthaivari/turing/mod1/futbol/lib/league_methods.rb": [
        1,
        null,
        1,
        0,
        null,
        null,
        1,
        null,
        0,
        null,
        0,
        0,
        0,
        null,
        null,
        0,
        0,
        0,
        0,
        null,
        null,
        1,
        0,
        0,
        0,
        null,
        0,
        0,
        null,
        null,
        1,
        0,
        0,
        0,
        null,
        0,
        0,
        null,
        null
      ],
      "/Users/samanthaivari/turing/mod1/futbol/lib/game_methods.rb": [
        1,
        1,
        2,
        14882,
        null,
        null,
        null,
        1,
        1,
        null,
        null,
        1,
        1,
        null,
        null,
        1,
        1,
        null,
        null,
        1,
        1,
        14882,
        null,
        null,
        null,
        1,
        1,
        14882,
        null,
        null,
        null,
        1,
        1,
        null,
        null,
        null,
        null,
        null,
        null,
        null,
        null,
        null
      ]
    },
    "timestamp": 1636170100
  }
}
